<?xml version="1.0" encoding="UTF-8"?>
<!-- Generated by org.testng.reporters.JUnitReportReporter -->
<testsuite hostname="CTLINLP-0894.local" name="tv.hooq.web.scripts.HOOQ_Web_ActiveUser_AddingFavouriteMovies" tests="1" failures="0" timestamp="17 Aug 2017 09:56:00 GMT" time="4.166" errors="1">
  <testcase name="HOOQ_Web_ActiveUser_AddingFavouriteMovies" time="4.166" classname="tv.hooq.web.scripts.HOOQ_Web_ActiveUser_AddingFavouriteMovies">
    <error type="java.lang.AssertionError" message="The driver executable does not exist: /Users/madanmohanpeddagouni/Documents/Cigniti_POC/Cigniti_POC">
      <![CDATA[java.lang.AssertionError: The driver executable does not exist: /Users/madanmohanpeddagouni/Documents/Cigniti_POC/Cigniti_POC
	at org.testng.Assert.fail(Assert.java:94)
	at com.web.automation.accelerators.ActionsLibrary.instantiateDriver(ActionsLibrary.java:1490)
	at com.web.automation.accelerators.TestEngineWeb.beforeMethod(TestEngineWeb.java:972)
	at sun.reflect.NativeMethodAccessorImpl.invoke0(Native Method)
	at sun.reflect.NativeMethodAccessorImpl.invoke(NativeMethodAccessorImpl.java:62)
	at sun.reflect.DelegatingMethodAccessorImpl.invoke(DelegatingMethodAccessorImpl.java:43)
	at java.lang.reflect.Method.invoke(Method.java:498)
	at org.testng.internal.MethodInvocationHelper.invokeMethod(MethodInvocationHelper.java:86)
	at org.testng.internal.Invoker.invokeConfigurationMethod(Invoker.java:514)
	at org.testng.internal.Invoker.invokeConfigurations(Invoker.java:215)
	at org.testng.internal.Invoker.invokeMethod(Invoker.java:589)
	at org.testng.internal.Invoker.invokeTestMethod(Invoker.java:820)
	at org.testng.internal.Invoker.invokeTestMethods(Invoker.java:1128)
	at org.testng.internal.TestMethodWorker.invokeTestMethods(TestMethodWorker.java:129)
	at org.testng.internal.TestMethodWorker.run(TestMethodWorker.java:112)
	at org.testng.TestRunner.privateRun(TestRunner.java:782)
	at org.testng.TestRunner.run(TestRunner.java:632)
	at org.testng.SuiteRunner.runTest(SuiteRunner.java:366)
	at org.testng.SuiteRunner.runSequentially(SuiteRunner.java:361)
	at org.testng.SuiteRunner.privateRun(SuiteRunner.java:319)
	at org.testng.SuiteRunner.run(SuiteRunner.java:268)
	at org.testng.SuiteRunnerWorker.runSuite(SuiteRunnerWorker.java:52)
	at org.testng.SuiteRunnerWorker.run(SuiteRunnerWorker.java:86)
	at org.testng.TestNG.runSuitesSequentially(TestNG.java:1244)
	at org.testng.TestNG.runSuitesLocally(TestNG.java:1169)
	at org.testng.TestNG.run(TestNG.java:1064)
	at org.testng.remote.AbstractRemoteTestNG.run(AbstractRemoteTestNG.java:132)
	at org.testng.remote.RemoteTestNG.initAndRun(RemoteTestNG.java:230)
	at org.testng.remote.RemoteTestNG.main(RemoteTestNG.java:76)
]]>
    </error>
  </testcase> <!-- HOOQ_Web_ActiveUser_AddingFavouriteMovies -->
</testsuite> <!-- tv.hooq.web.scripts.HOOQ_Web_ActiveUser_AddingFavouriteMovies -->
